<?xml version="1.0" encoding="UTF-8"?>
<!-- Generated by org.testng.reporters.JUnitReportReporter -->
<testsuite hostname="vineeth" failures="0" tests="2" name="com.test.TestNGBasics" time="0.005" errors="0" timestamp="2020-02-11T23:29:27 IST" skipped="0">
  <testcase classname="com.test.TestNGBasics" name="searchTest" time="0.002"/>
  <testcase classname="com.test.TestNGBasics" name="googleTitleTest" time="0.003"/>
</testsuite> <!-- com.test.TestNGBasics -->
