<?xml version="1.0" encoding="UTF-8"?>
<!-- Generated by org.testng.reporters.JUnitReportReporter -->
<testsuite hostname="vineeth" failures="0" tests="2" name="com.test.TestNGFeatures" time="0.003" errors="0" timestamp="2020-02-11T23:29:27 IST" skipped="0">
  <testcase classname="com.test.TestNGFeatures" name="HomepageTest" time="0.002"/>
  <testcase classname="com.test.TestNGFeatures" name="loginTest" time="0.001"/>
</testsuite> <!-- com.test.TestNGFeatures -->
