<?xml version="1.0" encoding="UTF-8"?>
<!-- Generated by org.testng.reporters.JUnitReportReporter -->
<testsuite hostname="vineeth" failures="0" tests="1" name="com.test.ExceptionTimeoutTest" time="0.008" errors="0" timestamp="2020-02-11T23:29:27 IST" skipped="0">
  <testcase classname="com.test.ExceptionTimeoutTest" name="test" time="0.008"/>
</testsuite> <!-- com.test.ExceptionTimeoutTest -->
