<?xml version="1.0" encoding="UTF-8"?>
<!-- Generated by org.testng.reporters.JUnitReportReporter -->
<testsuite hostname="vineeth" failures="0" tests="2" name="com.test.GoogleTitleTest" time="15.485" errors="0" timestamp="2020-02-11T23:29:27 IST" skipped="0">
  <testcase classname="com.test.GoogleTitleTest" name="googleTitleTest" time="7.354"/>
  <testcase classname="com.test.GoogleTitleTest" name="googlelogo" time="8.131"/>
</testsuite> <!-- com.test.GoogleTitleTest -->
