<?xml version="1.0" encoding="UTF-8"?>
<!-- Generated by org.testng.reporters.JUnitReportReporter -->
<testsuite hostname="vineeth" failures="0" tests="3" name="com.test.GoogleTest" time="26.400" errors="0" timestamp="2020-02-11T23:29:27 IST" skipped="0">
  <testcase classname="com.test.GoogleTest" name="googleTitleTest" time="7.850"/>
  <testcase classname="com.test.GoogleTest" name="googlelogo" time="9.705"/>
  <testcase classname="com.test.GoogleTest" name="maillinktest" time="8.845"/>
</testsuite> <!-- com.test.GoogleTest -->
