<?xml version="1.0" encoding="UTF-8"?>
<!-- Generated by org.testng.reporters.JUnitReportReporter -->
<testsuite hostname="vineeth" failures="0" tests="10" name="com.test.InvocationCountTest" time="0.043" errors="0" timestamp="2020-02-11T23:29:27 IST" skipped="0">
  <testcase classname="com.test.InvocationCountTest" name="sum" time="0.004"/>
  <testcase classname="com.test.InvocationCountTest" name="sum" time="0.003"/>
  <testcase classname="com.test.InvocationCountTest" name="sum" time="0.003"/>
  <testcase classname="com.test.InvocationCountTest" name="sum" time="0.003"/>
  <testcase classname="com.test.InvocationCountTest" name="sum" time="0.011"/>
  <testcase classname="com.test.InvocationCountTest" name="sum" time="0.003"/>
  <testcase classname="com.test.InvocationCountTest" name="sum" time="0.003"/>
  <testcase classname="com.test.InvocationCountTest" name="sum" time="0.006"/>
  <testcase classname="com.test.InvocationCountTest" name="sum" time="0.003"/>
  <testcase classname="com.test.InvocationCountTest" name="sum" time="0.004"/>
</testsuite> <!-- com.test.InvocationCountTest -->
